<?xml version="1.0" encoding="UTF-8"?>
<testsuite name="GrainsTest" tests="1" skipped="0" failures="0" errors="0" timestamp="2023-03-08T19:30:02" hostname="LAPTOP3673" time="0.002">
  <properties/>
  <testcase name="countAtSquare64" classname="GrainsTest" time="0.002"/>
  <system-out><![CDATA[]]></system-out>
  <system-err><![CDATA[]]></system-err>
</testsuite>
